# JRE version: Java(TM) SE Runtime Environment (8.0_73-b02) (build 1.8.0_73-b02)
# Java VM: Java HotSpot(TM) 64-Bit Server VM (25.73-b02 mixed mode windows-amd64 compressed oops)
Heap:
 PSYoungGen      total 153088K, used 108093K [0x00000000eab00000, 0x00000000f5f80000, 0x0000000100000000)
  eden space 139264K, 67% used [0x00000000eab00000,0x00000000f07156c0,0x00000000f3300000)
  from space 13824K, 99% used [0x00000000f4400000,0x00000000f5179db8,0x00000000f5180000)
  to   space 17408K, 0% used [0x00000000f3300000,0x00000000f3300000,0x00000000f4400000)
 ParOldGen       total 110592K, used 23801K [0x00000000c0000000, 0x00000000c6c00000, 0x00000000eab00000)
  object space 110592K, 21% used [0x00000000c0000000,0x00000000c173e4f8,0x00000000c6c00000)
 Metaspace       used 53013K, capacity 54790K, committed 55000K, reserved 1097728K
  class space    used 7246K, capacity 7600K, committed 7640K, reserved 1048576K
GC Heap History (10 events):
Event: 12.296 GC heap before
{Heap before GC invocations=8 (full 1):
 PSYoungGen      total 99328K, used 76046K [0x00000000eab00000, 0x00000000f1800000, 0x0000000100000000)
  eden space 91136K, 76% used [0x00000000eab00000,0x00000000eeeb6468,0x00000000f0400000)
  from space 8192K, 81% used [0x00000000f1000000,0x00000000f168d688,0x00000000f1800000)
  to   space 10240K, 0% used [0x00000000f0400000,0x00000000f0400000,0x00000000f0e00000)
 ParOldGen       total 67072K, used 11907K [0x00000000c0000000, 0x00000000c4180000, 0x00000000eab00000)
  object space 67072K, 17% used [0x00000000c0000000,0x00000000c0ba0cd0,0x00000000c4180000)
 Metaspace       used 34631K, capacity 35254K, committed 35416K, reserved 1079296K
  class space    used 4734K, capacity 4909K, committed 4952K, reserved 1048576K
Event: 12.328 GC heap after
Heap after GC invocations=8 (full 1):
 PSYoungGen      total 101376K, used 10223K [0x00000000eab00000, 0x00000000f3f00000, 0x0000000100000000)
  eden space 91136K, 0% used [0x00000000eab00000,0x00000000eab00000,0x00000000f0400000)
  from space 10240K, 99% used [0x00000000f0400000,0x00000000f0dfbd78,0x00000000f0e00000)
  to   space 12288K, 0% used [0x00000000f3300000,0x00000000f3300000,0x00000000f3f00000)
 ParOldGen       total 67072K, used 12948K [0x00000000c0000000, 0x00000000c4180000, 0x00000000eab00000)
  object space 67072K, 19% used [0x00000000c0000000,0x00000000c0ca5170,0x00000000c4180000)
 Metaspace       used 34631K, capacity 35254K, committed 35416K, reserved 1079296K
  class space    used 4734K, capacity 4909K, committed 4952K, reserved 1048576K
}
Event: 12.328 GC heap before
{Heap before GC invocations=9 (full 2):
 PSYoungGen      total 101376K, used 10223K [0x00000000eab00000, 0x00000000f3f00000, 0x0000000100000000)
  eden space 91136K, 0% used [0x00000000eab00000,0x00000000eab00000,0x00000000f0400000)
  from space 10240K, 99% used [0x00000000f0400000,0x00000000f0dfbd78,0x00000000f0e00000)
  to   space 12288K, 0% used [0x00000000f3300000,0x00000000f3300000,0x00000000f3f00000)
 ParOldGen       total 67072K, used 12948K [0x00000000c0000000, 0x00000000c4180000, 0x00000000eab00000)
  object space 67072K, 19% used [0x00000000c0000000,0x00000000c0ca5170,0x00000000c4180000)
 Metaspace       used 34631K, capacity 35254K, committed 35416K, reserved 1079296K
  class space    used 4734K, capacity 4909K, committed 4952K, reserved 1048576K
Event: 12.515 GC heap after
Heap after GC invocations=9 (full 2):
 PSYoungGen      total 101376K, used 0K [0x00000000eab00000, 0x00000000f3f00000, 0x0000000100000000)
  eden space 91136K, 0% used [0x00000000eab00000,0x00000000eab00000,0x00000000f0400000)
  from space 10240K, 0% used [0x00000000f0400000,0x00000000f0400000,0x00000000f0e00000)
  to   space 12288K, 0% used [0x00000000f3300000,0x00000000f3300000,0x00000000f3f00000)
 ParOldGen       total 110592K, used 17411K [0x00000000c0000000, 0x00000000c6c00000, 0x00000000eab00000)
  object space 110592K, 15% used [0x00000000c0000000,0x00000000c1100eb0,0x00000000c6c00000)
 Metaspace       used 34631K, capacity 35254K, committed 35416K, reserved 1079296K
  class space    used 4734K, capacity 4909K, committed 4952K, reserved 1048576K
}
Event: 14.449 GC heap before
{Heap before GC invocations=10 (full 2):
 PSYoungGen      total 101376K, used 91136K [0x00000000eab00000, 0x00000000f3f00000, 0x0000000100000000)
  eden space 91136K, 100% used [0x00000000eab00000,0x00000000f0400000,0x00000000f0400000)
  from space 10240K, 0% used [0x00000000f0400000,0x00000000f0400000,0x00000000f0e00000)
  to   space 12288K, 0% used [0x00000000f3300000,0x00000000f3300000,0x00000000f3f00000)
 ParOldGen       total 110592K, used 17411K [0x00000000c0000000, 0x00000000c6c00000, 0x00000000eab00000)
  object space 110592K, 15% used [0x00000000c0000000,0x00000000c1100eb0,0x00000000c6c00000)
 Metaspace       used 42173K, capacity 42964K, committed 43224K, reserved 1087488K
  class space    used 5784K, capacity 6005K, committed 6104K, reserved 1048576K
Event: 14.463 GC heap after
Heap after GC invocations=10 (full 2):
 PSYoungGen      total 130048K, used 9791K [0x00000000eab00000, 0x00000000f3d00000, 0x0000000100000000)
  eden space 119808K, 0% used [0x00000000eab00000,0x00000000eab00000,0x00000000f2000000)
  from space 10240K, 95% used [0x00000000f3300000,0x00000000f3c8fdc0,0x00000000f3d00000)
  to   space 12288K, 0% used [0x00000000f2500000,0x00000000f2500000,0x00000000f3100000)
 ParOldGen       total 110592K, used 17419K [0x00000000c0000000, 0x00000000c6c00000, 0x00000000eab00000)
  object space 110592K, 15% used [0x00000000c0000000,0x00000000c1102eb0,0x00000000c6c00000)
 Metaspace       used 42173K, capacity 42964K, committed 43224K, reserved 1087488K
  class space    used 5784K, capacity 6005K, committed 6104K, reserved 1048576K
}
Event: 16.195 GC heap before
{Heap before GC invocations=11 (full 2):
 PSYoungGen      total 130048K, used 129599K [0x00000000eab00000, 0x00000000f3d00000, 0x0000000100000000)
  eden space 119808K, 100% used [0x00000000eab00000,0x00000000f2000000,0x00000000f2000000)
  from space 10240K, 95% used [0x00000000f3300000,0x00000000f3c8fdc0,0x00000000f3d00000)
  to   space 12288K, 0% used [0x00000000f2500000,0x00000000f2500000,0x00000000f3100000)
 ParOldGen       total 110592K, used 17419K [0x00000000c0000000, 0x00000000c6c00000, 0x00000000eab00000)
  object space 110592K, 15% used [0x00000000c0000000,0x00000000c1102eb0,0x00000000c6c00000)
 Metaspace       used 43030K, capacity 43850K, committed 43992K, reserved 1087488K
  class space    used 5844K, capacity 6054K, committed 6104K, reserved 1048576K
Event: 16.212 GC heap after
Heap after GC invocations=11 (full 2):
 PSYoungGen      total 137216K, used 12267K [0x00000000eab00000, 0x00000000f5180000, 0x0000000100000000)
  eden space 124928K, 0% used [0x00000000eab00000,0x00000000eab00000,0x00000000f2500000)
  from space 12288K, 99% used [0x00000000f2500000,0x00000000f30fac08,0x00000000f3100000)
  to   space 13824K, 0% used [0x00000000f4400000,0x00000000f4400000,0x00000000f5180000)
 ParOldGen       total 110592K, used 17659K [0x00000000c0000000, 0x00000000c6c00000, 0x00000000eab00000)
  object space 110592K, 15% used [0x00000000c0000000,0x00000000c113edd8,0x00000000c6c00000)
 Metaspace       used 43030K, capacity 43850K, committed 43992K, reserved 1087488K
  class space    used 5844K, capacity 6054K, committed 6104K, reserved 1048576K
}
Event: 19.312 GC heap before
{Heap before GC invocations=12 (full 2):
 PSYoungGen      total 137216K, used 137195K [0x00000000eab00000, 0x00000000f5180000, 0x0000000100000000)
  eden space 124928K, 100% used [0x00000000eab00000,0x00000000f2500000,0x00000000f2500000)
  from space 12288K, 99% used [0x00000000f2500000,0x00000000f30fac08,0x00000000f3100000)
  to   space 13824K, 0% used [0x00000000f4400000,0x00000000f4400000,0x00000000f5180000)
 ParOldGen       total 110592K, used 17659K [0x00000000c0000000, 0x00000000c6c00000, 0x00000000eab00000)
  object space 110592K, 15% used [0x00000000c0000000,0x00000000c113edd8,0x00000000c6c00000)
 Metaspace       used 48408K, capacity 50000K, committed 50136K, reserved 1091584K
  class space    used 6690K, capacity 7039K, committed 7128K, reserved 1048576K
Event: 19.350 GC heap after
Heap after GC invocations=12 (full 2):
 PSYoungGen      total 153088K, used 13799K [0x00000000eab00000, 0x00000000f5f80000, 0x0000000100000000)
  eden space 139264K, 0% used [0x00000000eab00000,0x00000000eab00000,0x00000000f3300000)
  from space 13824K, 99% used [0x00000000f4400000,0x00000000f5179db8,0x00000000f5180000)
  to   space 17408K, 0% used [0x00000000f3300000,0x00000000f3300000,0x00000000f4400000)
 ParOldGen       total 110592K, used 23801K [0x00000000c0000000, 0x00000000c6c00000, 0x00000000eab00000)
  object space 110592K, 21% used [0x00000000c0000000,0x00000000c173e4f8,0x00000000c6c00000)
 Metaspace       used 48408K, capacity 50000K, committed 50136K, reserved 1091584K
  class space    used 6690K, capacity 7039K, committed 7128K, reserved 1048576K
}

