# JRE version: Java(TM) SE Runtime Environment (8.0_73-b02) (build 1.8.0_73-b02)
# Java VM: Java HotSpot(TM) 64-Bit Server VM (25.73-b02 mixed mode windows-amd64 compressed oops)
Heap:
 PSYoungGen      total 293376K, used 153847K [0x00000000eab00000, 0x00000000fef80000, 0x0000000100000000)
  eden space 262144K, 49% used [0x00000000eab00000,0x00000000f29df6d0,0x00000000fab00000)
  from space 31232K, 76% used [0x00000000fcc00000,0x00000000fe35e538,0x00000000fea80000)
  to   space 33792K, 0% used [0x00000000fab00000,0x00000000fab00000,0x00000000fcc00000)
 ParOldGen       total 158720K, used 59222K [0x00000000c0000000, 0x00000000c9b00000, 0x00000000eab00000)
  object space 158720K, 37% used [0x00000000c0000000,0x00000000c39d5840,0x00000000c9b00000)
 Metaspace       used 72693K, capacity 76812K, committed 77016K, reserved 1116160K
  class space    used 9609K, capacity 10340K, committed 10456K, reserved 1048576K
GC Heap History (10 events):
Event: 613.485 GC heap before
{Heap before GC invocations=17 (full 3):
 PSYoungGen      total 183808K, used 183788K [0x00000000eab00000, 0x00000000fa080000, 0x0000000100000000)
  eden space 160256K, 100% used [0x00000000eab00000,0x00000000f4780000,0x00000000f4780000)
  from space 23552K, 99% used [0x00000000f4780000,0x00000000f5e7b130,0x00000000f5e80000)
  to   space 29696K, 0% used [0x00000000f8380000,0x00000000f8380000,0x00000000fa080000)
 ParOldGen       total 158720K, used 50691K [0x00000000c0000000, 0x00000000c9b00000, 0x00000000eab00000)
  object space 158720K, 31% used [0x00000000c0000000,0x00000000c3180d48,0x00000000c9b00000)
 Metaspace       used 62736K, capacity 65004K, committed 65112K, reserved 1105920K
  class space    used 8315K, capacity 8725K, committed 8792K, reserved 1048576K
Event: 613.556 GC heap after
Heap after GC invocations=17 (full 3):
 PSYoungGen      total 219136K, used 25541K [0x00000000eab00000, 0x00000000fb480000, 0x0000000100000000)
  eden space 189440K, 0% used [0x00000000eab00000,0x00000000eab00000,0x00000000f6400000)
  from space 29696K, 86% used [0x00000000f8380000,0x00000000f9c71610,0x00000000fa080000)
  to   space 32256K, 0% used [0x00000000f6400000,0x00000000f6400000,0x00000000f8380000)
 ParOldGen       total 158720K, used 50691K [0x00000000c0000000, 0x00000000c9b00000, 0x00000000eab00000)
  object space 158720K, 31% used [0x00000000c0000000,0x00000000c3180d48,0x00000000c9b00000)
 Metaspace       used 62736K, capacity 65004K, committed 65112K, reserved 1105920K
  class space    used 8315K, capacity 8725K, committed 8792K, reserved 1048576K
}
Event: 633.880 GC heap before
{Heap before GC invocations=18 (full 3):
 PSYoungGen      total 219136K, used 214981K [0x00000000eab00000, 0x00000000fb480000, 0x0000000100000000)
  eden space 189440K, 100% used [0x00000000eab00000,0x00000000f6400000,0x00000000f6400000)
  from space 29696K, 86% used [0x00000000f8380000,0x00000000f9c71610,0x00000000fa080000)
  to   space 32256K, 0% used [0x00000000f6400000,0x00000000f6400000,0x00000000f8380000)
 ParOldGen       total 158720K, used 50691K [0x00000000c0000000, 0x00000000c9b00000, 0x00000000eab00000)
  object space 158720K, 31% used [0x00000000c0000000,0x00000000c3180d48,0x00000000c9b00000)
 Metaspace       used 63387K, capacity 65756K, committed 65880K, reserved 1105920K
  class space    used 8361K, capacity 8779K, committed 8792K, reserved 1048576K
Event: 633.908 GC heap after
Heap after GC invocations=18 (full 3):
 PSYoungGen      total 221696K, used 5992K [0x00000000eab00000, 0x00000000fd280000, 0x0000000100000000)
  eden space 189440K, 0% used [0x00000000eab00000,0x00000000eab00000,0x00000000f6400000)
  from space 32256K, 18% used [0x00000000f6400000,0x00000000f69da118,0x00000000f8380000)
  to   space 32256K, 0% used [0x00000000fb300000,0x00000000fb300000,0x00000000fd280000)
 ParOldGen       total 158720K, used 59198K [0x00000000c0000000, 0x00000000c9b00000, 0x00000000eab00000)
  object space 158720K, 37% used [0x00000000c0000000,0x00000000c39cf840,0x00000000c9b00000)
 Metaspace       used 63387K, capacity 65756K, committed 65880K, reserved 1105920K
  class space    used 8361K, capacity 8779K, committed 8792K, reserved 1048576K
}
Event: 638.664 GC heap before
{Heap before GC invocations=19 (full 3):
 PSYoungGen      total 221696K, used 194819K [0x00000000eab00000, 0x00000000fd280000, 0x0000000100000000)
  eden space 189440K, 99% used [0x00000000eab00000,0x00000000f6366d80,0x00000000f6400000)
  from space 32256K, 18% used [0x00000000f6400000,0x00000000f69da118,0x00000000f8380000)
  to   space 32256K, 0% used [0x00000000fb300000,0x00000000fb300000,0x00000000fd280000)
 ParOldGen       total 158720K, used 59198K [0x00000000c0000000, 0x00000000c9b00000, 0x00000000eab00000)
  object space 158720K, 37% used [0x00000000c0000000,0x00000000c39cf840,0x00000000c9b00000)
 Metaspace       used 65051K, capacity 67634K, committed 67928K, reserved 1107968K
  class space    used 8502K, capacity 8966K, committed 9048K, reserved 1048576K
Event: 638.680 GC heap after
Heap after GC invocations=19 (full 3):
 PSYoungGen      total 261120K, used 6663K [0x00000000eab00000, 0x00000000fcd80000, 0x0000000100000000)
  eden space 233984K, 0% used [0x00000000eab00000,0x00000000eab00000,0x00000000f8f80000)
  from space 27136K, 24% used [0x00000000fb300000,0x00000000fb981d88,0x00000000fcd80000)
  to   space 31744K, 0% used [0x00000000f8f80000,0x00000000f8f80000,0x00000000fae80000)
 ParOldGen       total 158720K, used 59206K [0x00000000c0000000, 0x00000000c9b00000, 0x00000000eab00000)
  object space 158720K, 37% used [0x00000000c0000000,0x00000000c39d1840,0x00000000c9b00000)
 Metaspace       used 65051K, capacity 67634K, committed 67928K, reserved 1107968K
  class space    used 8502K, capacity 8966K, committed 9048K, reserved 1048576K
}
Event: 676.498 GC heap before
{Heap before GC invocations=20 (full 3):
 PSYoungGen      total 261120K, used 240647K [0x00000000eab00000, 0x00000000fcd80000, 0x0000000100000000)
  eden space 233984K, 100% used [0x00000000eab00000,0x00000000f8f80000,0x00000000f8f80000)
  from space 27136K, 24% used [0x00000000fb300000,0x00000000fb981d88,0x00000000fcd80000)
  to   space 31744K, 0% used [0x00000000f8f80000,0x00000000f8f80000,0x00000000fae80000)
 ParOldGen       total 158720K, used 59206K [0x00000000c0000000, 0x00000000c9b00000, 0x00000000eab00000)
  object space 158720K, 37% used [0x00000000c0000000,0x00000000c39d1840,0x00000000c9b00000)
 Metaspace       used 66136K, capacity 68986K, committed 69208K, reserved 1110016K
  class space    used 8639K, capacity 9184K, committed 9304K, reserved 1048576K
Event: 676.517 GC heap after
Heap after GC invocations=20 (full 3):
 PSYoungGen      total 265728K, used 5413K [0x00000000eab00000, 0x00000000fea80000, 0x0000000100000000)
  eden space 233984K, 0% used [0x00000000eab00000,0x00000000eab00000,0x00000000f8f80000)
  from space 31744K, 17% used [0x00000000f8f80000,0x00000000f94c94d8,0x00000000fae80000)
  to   space 31232K, 0% used [0x00000000fcc00000,0x00000000fcc00000,0x00000000fea80000)
 ParOldGen       total 158720K, used 59214K [0x00000000c0000000, 0x00000000c9b00000, 0x00000000eab00000)
  object space 158720K, 37% used [0x00000000c0000000,0x00000000c39d3840,0x00000000c9b00000)
 Metaspace       used 66136K, capacity 68986K, committed 69208K, reserved 1110016K
  class space    used 8639K, capacity 9184K, committed 9304K, reserved 1048576K
}
Event: 688.384 GC heap before
{Heap before GC invocations=21 (full 3):
 PSYoungGen      total 265728K, used 239397K [0x00000000eab00000, 0x00000000fea80000, 0x0000000100000000)
  eden space 233984K, 100% used [0x00000000eab00000,0x00000000f8f80000,0x00000000f8f80000)
  from space 31744K, 17% used [0x00000000f8f80000,0x00000000f94c94d8,0x00000000fae80000)
  to   space 31232K, 0% used [0x00000000fcc00000,0x00000000fcc00000,0x00000000fea80000)
 ParOldGen       total 158720K, used 59214K [0x00000000c0000000, 0x00000000c9b00000, 0x00000000eab00000)
  object space 158720K, 37% used [0x00000000c0000000,0x00000000c39d3840,0x00000000c9b00000)
 Metaspace       used 72227K, capacity 76084K, committed 76376K, reserved 1116160K
  class space    used 9551K, capacity 10248K, committed 10328K, reserved 1048576K
Event: 688.447 GC heap after
Heap after GC invocations=21 (full 3):
 PSYoungGen      total 293376K, used 23929K [0x00000000eab00000, 0x00000000fef80000, 0x0000000100000000)
  eden space 262144K, 0% used [0x00000000eab00000,0x00000000eab00000,0x00000000fab00000)
  from space 31232K, 76% used [0x00000000fcc00000,0x00000000fe35e538,0x00000000fea80000)
  to   space 33792K, 0% used [0x00000000fab00000,0x00000000fab00000,0x00000000fcc00000)
 ParOldGen       total 158720K, used 59222K [0x00000000c0000000, 0x00000000c9b00000, 0x00000000eab00000)
  object space 158720K, 37% used [0x00000000c0000000,0x00000000c39d5840,0x00000000c9b00000)
 Metaspace       used 72227K, capacity 76084K, committed 76376K, reserved 1116160K
  class space    used 9551K, capacity 10248K, committed 10328K, reserved 1048576K
}

