# JRE version: Java(TM) SE Runtime Environment (8.0_73-b02) (build 1.8.0_73-b02)
# Java VM: Java HotSpot(TM) 64-Bit Server VM (25.73-b02 mixed mode windows-amd64 compressed oops)
Heap:
 PSYoungGen      total 164864K, used 81333K [0x00000000eab00000, 0x00000000f6b80000, 0x0000000100000000)
  eden space 151040K, 44% used [0x00000000eab00000,0x00000000eecf46b8,0x00000000f3e80000)
  from space 13824K, 99% used [0x00000000f5080000,0x00000000f5df9118,0x00000000f5e00000)
  to   space 18432K, 0% used [0x00000000f3e80000,0x00000000f3e80000,0x00000000f5080000)
 ParOldGen       total 103936K, used 25722K [0x00000000c0000000, 0x00000000c6580000, 0x00000000eab00000)
  object space 103936K, 24% used [0x00000000c0000000,0x00000000c191ebb0,0x00000000c6580000)
 Metaspace       used 52273K, capacity 54048K, committed 54272K, reserved 1095680K
  class space    used 7222K, capacity 7567K, committed 7680K, reserved 1048576K
GC Heap History (10 events):
Event: 12.025 GC heap before
{Heap before GC invocations=8 (full 1):
 PSYoungGen      total 102912K, used 74615K [0x00000000eab00000, 0x00000000f1b80000, 0x0000000100000000)
  eden space 94720K, 71% used [0x00000000eab00000,0x00000000eed8d700,0x00000000f0780000)
  from space 8192K, 78% used [0x00000000f1380000,0x00000000f19d0668,0x00000000f1b80000)
  to   space 10240K, 0% used [0x00000000f0780000,0x00000000f0780000,0x00000000f1180000)
 ParOldGen       total 65024K, used 11974K [0x00000000c0000000, 0x00000000c3f80000, 0x00000000eab00000)
  object space 65024K, 18% used [0x00000000c0000000,0x00000000c0bb18f8,0x00000000c3f80000)
 Metaspace       used 34657K, capacity 35250K, committed 35456K, reserved 1079296K
  class space    used 4735K, capacity 4909K, committed 4992K, reserved 1048576K
Event: 12.054 GC heap after
Heap after GC invocations=8 (full 1):
 PSYoungGen      total 104960K, used 10225K [0x00000000eab00000, 0x00000000f4880000, 0x0000000100000000)
  eden space 94720K, 0% used [0x00000000eab00000,0x00000000eab00000,0x00000000f0780000)
  from space 10240K, 99% used [0x00000000f0780000,0x00000000f117c498,0x00000000f1180000)
  to   space 12288K, 0% used [0x00000000f3c80000,0x00000000f3c80000,0x00000000f4880000)
 ParOldGen       total 65024K, used 13044K [0x00000000c0000000, 0x00000000c3f80000, 0x00000000eab00000)
  object space 65024K, 20% used [0x00000000c0000000,0x00000000c0cbd280,0x00000000c3f80000)
 Metaspace       used 34657K, capacity 35250K, committed 35456K, reserved 1079296K
  class space    used 4735K, capacity 4909K, committed 4992K, reserved 1048576K
}
Event: 12.054 GC heap before
{Heap before GC invocations=9 (full 2):
 PSYoungGen      total 104960K, used 10225K [0x00000000eab00000, 0x00000000f4880000, 0x0000000100000000)
  eden space 94720K, 0% used [0x00000000eab00000,0x00000000eab00000,0x00000000f0780000)
  from space 10240K, 99% used [0x00000000f0780000,0x00000000f117c498,0x00000000f1180000)
  to   space 12288K, 0% used [0x00000000f3c80000,0x00000000f3c80000,0x00000000f4880000)
 ParOldGen       total 65024K, used 13044K [0x00000000c0000000, 0x00000000c3f80000, 0x00000000eab00000)
  object space 65024K, 20% used [0x00000000c0000000,0x00000000c0cbd280,0x00000000c3f80000)
 Metaspace       used 34657K, capacity 35250K, committed 35456K, reserved 1079296K
  class space    used 4735K, capacity 4909K, committed 4992K, reserved 1048576K
Event: 12.227 GC heap after
Heap after GC invocations=9 (full 2):
 PSYoungGen      total 104960K, used 0K [0x00000000eab00000, 0x00000000f4880000, 0x0000000100000000)
  eden space 94720K, 0% used [0x00000000eab00000,0x00000000eab00000,0x00000000f0780000)
  from space 10240K, 0% used [0x00000000f0780000,0x00000000f0780000,0x00000000f1180000)
  to   space 12288K, 0% used [0x00000000f3c80000,0x00000000f3c80000,0x00000000f4880000)
 ParOldGen       total 103936K, used 17389K [0x00000000c0000000, 0x00000000c6580000, 0x00000000eab00000)
  object space 103936K, 16% used [0x00000000c0000000,0x00000000c10fb788,0x00000000c6580000)
 Metaspace       used 34657K, capacity 35250K, committed 35456K, reserved 1079296K
  class space    used 4735K, capacity 4909K, committed 4992K, reserved 1048576K
}
Event: 15.041 GC heap before
{Heap before GC invocations=10 (full 2):
 PSYoungGen      total 104960K, used 94720K [0x00000000eab00000, 0x00000000f4880000, 0x0000000100000000)
  eden space 94720K, 100% used [0x00000000eab00000,0x00000000f0780000,0x00000000f0780000)
  from space 10240K, 0% used [0x00000000f0780000,0x00000000f0780000,0x00000000f1180000)
  to   space 12288K, 0% used [0x00000000f3c80000,0x00000000f3c80000,0x00000000f4880000)
 ParOldGen       total 103936K, used 17389K [0x00000000c0000000, 0x00000000c6580000, 0x00000000eab00000)
  object space 103936K, 16% used [0x00000000c0000000,0x00000000c10fb788,0x00000000c6580000)
 Metaspace       used 42231K, capacity 43088K, committed 43392K, reserved 1087488K
  class space    used 5785K, capacity 6005K, committed 6016K, reserved 1048576K
Event: 15.056 GC heap after
Heap after GC invocations=10 (full 2):
 PSYoungGen      total 138752K, used 9867K [0x00000000eab00000, 0x00000000f4680000, 0x0000000100000000)
  eden space 128512K, 0% used [0x00000000eab00000,0x00000000eab00000,0x00000000f2880000)
  from space 10240K, 96% used [0x00000000f3c80000,0x00000000f4622f50,0x00000000f4680000)
  to   space 12800K, 0% used [0x00000000f2d80000,0x00000000f2d80000,0x00000000f3a00000)
 ParOldGen       total 103936K, used 17397K [0x00000000c0000000, 0x00000000c6580000, 0x00000000eab00000)
  object space 103936K, 16% used [0x00000000c0000000,0x00000000c10fd788,0x00000000c6580000)
 Metaspace       used 42231K, capacity 43088K, committed 43392K, reserved 1087488K
  class space    used 5785K, capacity 6005K, committed 6016K, reserved 1048576K
}
Event: 16.818 GC heap before
{Heap before GC invocations=11 (full 2):
 PSYoungGen      total 138752K, used 138379K [0x00000000eab00000, 0x00000000f4680000, 0x0000000100000000)
  eden space 128512K, 100% used [0x00000000eab00000,0x00000000f2880000,0x00000000f2880000)
  from space 10240K, 96% used [0x00000000f3c80000,0x00000000f4622f50,0x00000000f4680000)
  to   space 12800K, 0% used [0x00000000f2d80000,0x00000000f2d80000,0x00000000f3a00000)
 ParOldGen       total 103936K, used 17397K [0x00000000c0000000, 0x00000000c6580000, 0x00000000eab00000)
  object space 103936K, 16% used [0x00000000c0000000,0x00000000c10fd788,0x00000000c6580000)
 Metaspace       used 43058K, capacity 43922K, committed 44032K, reserved 1087488K
  class space    used 5847K, capacity 6056K, committed 6144K, reserved 1048576K
Event: 16.837 GC heap after
Heap after GC invocations=11 (full 2):
 PSYoungGen      total 146432K, used 12534K [0x00000000eab00000, 0x00000000f5e00000, 0x0000000100000000)
  eden space 133632K, 0% used [0x00000000eab00000,0x00000000eab00000,0x00000000f2d80000)
  from space 12800K, 97% used [0x00000000f2d80000,0x00000000f39bd860,0x00000000f3a00000)
  to   space 13824K, 0% used [0x00000000f5080000,0x00000000f5080000,0x00000000f5e00000)
 ParOldGen       total 103936K, used 17405K [0x00000000c0000000, 0x00000000c6580000, 0x00000000eab00000)
  object space 103936K, 16% used [0x00000000c0000000,0x00000000c10ff788,0x00000000c6580000)
 Metaspace       used 43058K, capacity 43922K, committed 44032K, reserved 1087488K
  class space    used 5847K, capacity 6056K, committed 6144K, reserved 1048576K
}
Event: 20.684 GC heap before
{Heap before GC invocations=12 (full 2):
 PSYoungGen      total 146432K, used 146166K [0x00000000eab00000, 0x00000000f5e00000, 0x0000000100000000)
  eden space 133632K, 100% used [0x00000000eab00000,0x00000000f2d80000,0x00000000f2d80000)
  from space 12800K, 97% used [0x00000000f2d80000,0x00000000f39bd860,0x00000000f3a00000)
  to   space 13824K, 0% used [0x00000000f5080000,0x00000000f5080000,0x00000000f5e00000)
 ParOldGen       total 103936K, used 17405K [0x00000000c0000000, 0x00000000c6580000, 0x00000000eab00000)
  object space 103936K, 16% used [0x00000000c0000000,0x00000000c10ff788,0x00000000c6580000)
 Metaspace       used 50619K, capacity 52280K, committed 52480K, reserved 1093632K
  class space    used 7001K, capacity 7333K, committed 7424K, reserved 1048576K
Event: 20.716 GC heap after
Heap after GC invocations=12 (full 2):
 PSYoungGen      total 164864K, used 13796K [0x00000000eab00000, 0x00000000f6b80000, 0x0000000100000000)
  eden space 151040K, 0% used [0x00000000eab00000,0x00000000eab00000,0x00000000f3e80000)
  from space 13824K, 99% used [0x00000000f5080000,0x00000000f5df9118,0x00000000f5e00000)
  to   space 18432K, 0% used [0x00000000f3e80000,0x00000000f3e80000,0x00000000f5080000)
 ParOldGen       total 103936K, used 25722K [0x00000000c0000000, 0x00000000c6580000, 0x00000000eab00000)
  object space 103936K, 24% used [0x00000000c0000000,0x00000000c191ebb0,0x00000000c6580000)
 Metaspace       used 50619K, capacity 52280K, committed 52480K, reserved 1093632K
  class space    used 7001K, capacity 7333K, committed 7424K, reserved 1048576K
}

