# JRE version: Java(TM) SE Runtime Environment (8.0_73-b02) (build 1.8.0_73-b02)
# Java VM: Java HotSpot(TM) 64-Bit Server VM (25.73-b02 mixed mode windows-amd64 compressed oops)
Heap:
 PSYoungGen      total 214016K, used 113319K [0x00000000eab00000, 0x00000000f9980000, 0x0000000100000000)
  eden space 200704K, 49% used [0x00000000eab00000,0x00000000f0cb0260,0x00000000f6f00000)
  from space 13312K, 99% used [0x00000000f7f80000,0x00000000f8c79d60,0x00000000f8c80000)
  to   space 16896K, 0% used [0x00000000f6f00000,0x00000000f6f00000,0x00000000f7f80000)
 ParOldGen       total 62976K, used 20613K [0x00000000c0000000, 0x00000000c3d80000, 0x00000000eab00000)
  object space 62976K, 32% used [0x00000000c0000000,0x00000000c1421518,0x00000000c3d80000)
 Metaspace       used 44832K, capacity 47282K, committed 47488K, reserved 1089536K
  class space    used 6083K, capacity 6497K, committed 6528K, reserved 1048576K
GC Heap History (10 events):
Event: 1263.501 GC heap before
{Heap before GC invocations=16 (full 4):
 PSYoungGen      total 173568K, used 656K [0x00000000eab00000, 0x00000000f6480000, 0x0000000100000000)
  eden space 158720K, 0% used [0x00000000eab00000,0x00000000eab00000,0x00000000f4600000)
  from space 14848K, 4% used [0x00000000f5500000,0x00000000f55a4030,0x00000000f6380000)
  to   space 15360K, 0% used [0x00000000f4600000,0x00000000f4600000,0x00000000f5500000)
 ParOldGen       total 62976K, used 20815K [0x00000000c0000000, 0x00000000c3d80000, 0x00000000eab00000)
  object space 62976K, 33% used [0x00000000c0000000,0x00000000c1453d98,0x00000000c3d80000)
 Metaspace       used 37347K, capacity 38734K, committed 38912K, reserved 1083392K
  class space    used 4977K, capacity 5256K, committed 5376K, reserved 1048576K
Event: 1263.703 GC heap after
Heap after GC invocations=16 (full 4):
 PSYoungGen      total 173568K, used 0K [0x00000000eab00000, 0x00000000f6480000, 0x0000000100000000)
  eden space 158720K, 0% used [0x00000000eab00000,0x00000000eab00000,0x00000000f4600000)
  from space 14848K, 0% used [0x00000000f5500000,0x00000000f5500000,0x00000000f6380000)
  to   space 15360K, 0% used [0x00000000f4600000,0x00000000f4600000,0x00000000f5500000)
 ParOldGen       total 62976K, used 15936K [0x00000000c0000000, 0x00000000c3d80000, 0x00000000eab00000)
  object space 62976K, 25% used [0x00000000c0000000,0x00000000c0f90330,0x00000000c3d80000)
 Metaspace       used 36847K, capacity 37938K, committed 38912K, reserved 1083392K
  class space    used 4878K, capacity 5072K, committed 5376K, reserved 1048576K
}
Event: 1270.431 GC heap before
{Heap before GC invocations=17 (full 4):
 PSYoungGen      total 173568K, used 158720K [0x00000000eab00000, 0x00000000f6480000, 0x0000000100000000)
  eden space 158720K, 100% used [0x00000000eab00000,0x00000000f4600000,0x00000000f4600000)
  from space 14848K, 0% used [0x00000000f5500000,0x00000000f5500000,0x00000000f6380000)
  to   space 15360K, 0% used [0x00000000f4600000,0x00000000f4600000,0x00000000f5500000)
 ParOldGen       total 62976K, used 15936K [0x00000000c0000000, 0x00000000c3d80000, 0x00000000eab00000)
  object space 62976K, 25% used [0x00000000c0000000,0x00000000c0f90330,0x00000000c3d80000)
 Metaspace       used 37615K, capacity 39038K, committed 39424K, reserved 1083392K
  class space    used 4966K, capacity 5214K, committed 5376K, reserved 1048576K
Event: 1270.448 GC heap after
Heap after GC invocations=17 (full 4):
 PSYoungGen      total 174080K, used 6151K [0x00000000eab00000, 0x00000000f7e00000, 0x0000000100000000)
  eden space 158720K, 0% used [0x00000000eab00000,0x00000000eab00000,0x00000000f4600000)
  from space 15360K, 40% used [0x00000000f4600000,0x00000000f4c01ea8,0x00000000f5500000)
  to   space 14336K, 0% used [0x00000000f7000000,0x00000000f7000000,0x00000000f7e00000)
 ParOldGen       total 62976K, used 15944K [0x00000000c0000000, 0x00000000c3d80000, 0x00000000eab00000)
  object space 62976K, 25% used [0x00000000c0000000,0x00000000c0f92330,0x00000000c3d80000)
 Metaspace       used 37615K, capacity 39038K, committed 39424K, reserved 1083392K
  class space    used 4966K, capacity 5214K, committed 5376K, reserved 1048576K
}
Event: 1365.321 GC heap before
{Heap before GC invocations=18 (full 4):
 PSYoungGen      total 174080K, used 164871K [0x00000000eab00000, 0x00000000f7e00000, 0x0000000100000000)
  eden space 158720K, 100% used [0x00000000eab00000,0x00000000f4600000,0x00000000f4600000)
  from space 15360K, 40% used [0x00000000f4600000,0x00000000f4c01ea8,0x00000000f5500000)
  to   space 14336K, 0% used [0x00000000f7000000,0x00000000f7000000,0x00000000f7e00000)
 ParOldGen       total 62976K, used 15944K [0x00000000c0000000, 0x00000000c3d80000, 0x00000000eab00000)
  object space 62976K, 25% used [0x00000000c0000000,0x00000000c0f92330,0x00000000c3d80000)
 Metaspace       used 38123K, capacity 39808K, committed 39936K, reserved 1083392K
  class space    used 5009K, capacity 5277K, committed 5376K, reserved 1048576K
Event: 1365.335 GC heap after
Heap after GC invocations=18 (full 4):
 PSYoungGen      total 190464K, used 3952K [0x00000000eab00000, 0x00000000f7800000, 0x0000000100000000)
  eden space 182272K, 0% used [0x00000000eab00000,0x00000000eab00000,0x00000000f5d00000)
  from space 8192K, 48% used [0x00000000f7000000,0x00000000f73dc010,0x00000000f7800000)
  to   space 13824K, 0% used [0x00000000f5d00000,0x00000000f5d00000,0x00000000f6a80000)
 ParOldGen       total 62976K, used 15952K [0x00000000c0000000, 0x00000000c3d80000, 0x00000000eab00000)
  object space 62976K, 25% used [0x00000000c0000000,0x00000000c0f94330,0x00000000c3d80000)
 Metaspace       used 38123K, capacity 39808K, committed 39936K, reserved 1083392K
  class space    used 5009K, capacity 5277K, committed 5376K, reserved 1048576K
}
Event: 1406.380 GC heap before
{Heap before GC invocations=19 (full 4):
 PSYoungGen      total 190464K, used 186224K [0x00000000eab00000, 0x00000000f7800000, 0x0000000100000000)
  eden space 182272K, 100% used [0x00000000eab00000,0x00000000f5d00000,0x00000000f5d00000)
  from space 8192K, 48% used [0x00000000f7000000,0x00000000f73dc010,0x00000000f7800000)
  to   space 13824K, 0% used [0x00000000f5d00000,0x00000000f5d00000,0x00000000f6a80000)
 ParOldGen       total 62976K, used 15952K [0x00000000c0000000, 0x00000000c3d80000, 0x00000000eab00000)
  object space 62976K, 25% used [0x00000000c0000000,0x00000000c0f94330,0x00000000c3d80000)
 Metaspace       used 38553K, capacity 40432K, committed 40704K, reserved 1085440K
  class space    used 5031K, capacity 5303K, committed 5376K, reserved 1048576K
Event: 1406.392 GC heap after
Heap after GC invocations=19 (full 4):
 PSYoungGen      total 196096K, used 5168K [0x00000000eab00000, 0x00000000f8c80000, 0x0000000100000000)
  eden space 182272K, 0% used [0x00000000eab00000,0x00000000eab00000,0x00000000f5d00000)
  from space 13824K, 37% used [0x00000000f5d00000,0x00000000f620c040,0x00000000f6a80000)
  to   space 13312K, 0% used [0x00000000f7f80000,0x00000000f7f80000,0x00000000f8c80000)
 ParOldGen       total 62976K, used 15960K [0x00000000c0000000, 0x00000000c3d80000, 0x00000000eab00000)
  object space 62976K, 25% used [0x00000000c0000000,0x00000000c0f96330,0x00000000c3d80000)
 Metaspace       used 38553K, capacity 40432K, committed 40704K, reserved 1085440K
  class space    used 5031K, capacity 5303K, committed 5376K, reserved 1048576K
}
Event: 1409.491 GC heap before
{Heap before GC invocations=20 (full 4):
 PSYoungGen      total 196096K, used 187440K [0x00000000eab00000, 0x00000000f8c80000, 0x0000000100000000)
  eden space 182272K, 100% used [0x00000000eab00000,0x00000000f5d00000,0x00000000f5d00000)
  from space 13824K, 37% used [0x00000000f5d00000,0x00000000f620c040,0x00000000f6a80000)
  to   space 13312K, 0% used [0x00000000f7f80000,0x00000000f7f80000,0x00000000f8c80000)
 ParOldGen       total 62976K, used 15960K [0x00000000c0000000, 0x00000000c3d80000, 0x00000000eab00000)
  object space 62976K, 25% used [0x00000000c0000000,0x00000000c0f96330,0x00000000c3d80000)
 Metaspace       used 41707K, capacity 43722K, committed 44032K, reserved 1087488K
  class space    used 5533K, capacity 5800K, committed 5888K, reserved 1048576K
Event: 1409.526 GC heap after
Heap after GC invocations=20 (full 4):
 PSYoungGen      total 214016K, used 13287K [0x00000000eab00000, 0x00000000f9980000, 0x0000000100000000)
  eden space 200704K, 0% used [0x00000000eab00000,0x00000000eab00000,0x00000000f6f00000)
  from space 13312K, 99% used [0x00000000f7f80000,0x00000000f8c79d60,0x00000000f8c80000)
  to   space 16896K, 0% used [0x00000000f6f00000,0x00000000f6f00000,0x00000000f7f80000)
 ParOldGen       total 62976K, used 20613K [0x00000000c0000000, 0x00000000c3d80000, 0x00000000eab00000)
  object space 62976K, 32% used [0x00000000c0000000,0x00000000c1421518,0x00000000c3d80000)
 Metaspace       used 41707K, capacity 43722K, committed 44032K, reserved 1087488K
  class space    used 5533K, capacity 5800K, committed 5888K, reserved 1048576K
}

