# JRE version: Java(TM) SE Runtime Environment (8.0_73-b02) (build 1.8.0_73-b02)
# Java VM: Java HotSpot(TM) 64-Bit Server VM (25.73-b02 mixed mode windows-amd64 compressed oops)
Heap:
 PSYoungGen      total 163328K, used 16888K [0x00000000eab00000, 0x00000000f8800000, 0x0000000100000000)
  eden space 148480K, 11% used [0x00000000eab00000,0x00000000ebb7e200,0x00000000f3c00000)
  from space 14848K, 0% used [0x00000000f3c00000,0x00000000f3c00000,0x00000000f4a80000)
  to   space 15872K, 0% used [0x00000000f7880000,0x00000000f7880000,0x00000000f8800000)
 ParOldGen       total 58368K, used 18645K [0x00000000c0000000, 0x00000000c3900000, 0x00000000eab00000)
  object space 58368K, 31% used [0x00000000c0000000,0x00000000c12356b8,0x00000000c3900000)
 Metaspace       used 35186K, capacity 36036K, committed 36224K, reserved 1081344K
  class space    used 4725K, capacity 4968K, committed 4992K, reserved 1048576K
GC Heap History (10 events):
Event: 8.357 GC heap before
{Heap before GC invocations=7 (full 1):
 PSYoungGen      total 71680K, used 68112K [0x00000000eab00000, 0x00000000f2800000, 0x0000000100000000)
  eden space 66560K, 100% used [0x00000000eab00000,0x00000000eec00000,0x00000000eec00000)
  from space 5120K, 30% used [0x00000000eec00000,0x00000000eed84040,0x00000000ef100000)
  to   space 11264K, 0% used [0x00000000f1d00000,0x00000000f1d00000,0x00000000f2800000)
 ParOldGen       total 58368K, used 7862K [0x00000000c0000000, 0x00000000c3900000, 0x00000000eab00000)
  object space 58368K, 13% used [0x00000000c0000000,0x00000000c07ada90,0x00000000c3900000)
 Metaspace       used 21085K, capacity 21472K, committed 21632K, reserved 1069056K
  class space    used 2754K, capacity 2886K, committed 2944K, reserved 1048576K
Event: 8.361 GC heap after
Heap after GC invocations=7 (full 1):
 PSYoungGen      total 109568K, used 2000K [0x00000000eab00000, 0x00000000f2480000, 0x0000000100000000)
  eden space 101888K, 0% used [0x00000000eab00000,0x00000000eab00000,0x00000000f0e80000)
  from space 7680K, 26% used [0x00000000f1d00000,0x00000000f1ef4040,0x00000000f2480000)
  to   space 11264K, 0% used [0x00000000f0e80000,0x00000000f0e80000,0x00000000f1980000)
 ParOldGen       total 58368K, used 7862K [0x00000000c0000000, 0x00000000c3900000, 0x00000000eab00000)
  object space 58368K, 13% used [0x00000000c0000000,0x00000000c07ada90,0x00000000c3900000)
 Metaspace       used 21085K, capacity 21472K, committed 21632K, reserved 1069056K
  class space    used 2754K, capacity 2886K, committed 2944K, reserved 1048576K
}
Event: 11.027 GC heap before
{Heap before GC invocations=8 (full 1):
 PSYoungGen      total 109568K, used 103888K [0x00000000eab00000, 0x00000000f2480000, 0x0000000100000000)
  eden space 101888K, 100% used [0x00000000eab00000,0x00000000f0e80000,0x00000000f0e80000)
  from space 7680K, 26% used [0x00000000f1d00000,0x00000000f1ef4040,0x00000000f2480000)
  to   space 11264K, 0% used [0x00000000f0e80000,0x00000000f0e80000,0x00000000f1980000)
 ParOldGen       total 58368K, used 7862K [0x00000000c0000000, 0x00000000c3900000, 0x00000000eab00000)
  object space 58368K, 13% used [0x00000000c0000000,0x00000000c07ada90,0x00000000c3900000)
 Metaspace       used 25605K, capacity 26200K, committed 26368K, reserved 1073152K
  class space    used 3406K, capacity 3533K, committed 3584K, reserved 1048576K
Event: 11.049 GC heap after
Heap after GC invocations=8 (full 1):
 PSYoungGen      total 113152K, used 8984K [0x00000000eab00000, 0x00000000f5780000, 0x0000000100000000)
  eden space 101888K, 0% used [0x00000000eab00000,0x00000000eab00000,0x00000000f0e80000)
  from space 11264K, 79% used [0x00000000f0e80000,0x00000000f1746328,0x00000000f1980000)
  to   space 12288K, 0% used [0x00000000f4b80000,0x00000000f4b80000,0x00000000f5780000)
 ParOldGen       total 58368K, used 7870K [0x00000000c0000000, 0x00000000c3900000, 0x00000000eab00000)
  object space 58368K, 13% used [0x00000000c0000000,0x00000000c07afa90,0x00000000c3900000)
 Metaspace       used 25605K, capacity 26200K, committed 26368K, reserved 1073152K
  class space    used 3406K, capacity 3533K, committed 3584K, reserved 1048576K
}
Event: 14.300 GC heap before
{Heap before GC invocations=9 (full 1):
 PSYoungGen      total 113152K, used 110872K [0x00000000eab00000, 0x00000000f5780000, 0x0000000100000000)
  eden space 101888K, 100% used [0x00000000eab00000,0x00000000f0e80000,0x00000000f0e80000)
  from space 11264K, 79% used [0x00000000f0e80000,0x00000000f1746328,0x00000000f1980000)
  to   space 12288K, 0% used [0x00000000f4b80000,0x00000000f4b80000,0x00000000f5780000)
 ParOldGen       total 58368K, used 7870K [0x00000000c0000000, 0x00000000c3900000, 0x00000000eab00000)
  object space 58368K, 13% used [0x00000000c0000000,0x00000000c07afa90,0x00000000c3900000)
 Metaspace       used 31895K, capacity 32590K, committed 32896K, reserved 1077248K
  class space    used 4211K, capacity 4404K, committed 4480K, reserved 1048576K
Event: 14.327 GC heap after
Heap after GC invocations=9 (full 1):
 PSYoungGen      total 160768K, used 12281K [0x00000000eab00000, 0x00000000f5900000, 0x0000000100000000)
  eden space 148480K, 0% used [0x00000000eab00000,0x00000000eab00000,0x00000000f3c00000)
  from space 12288K, 99% used [0x00000000f4b80000,0x00000000f577e790,0x00000000f5780000)
  to   space 14848K, 0% used [0x00000000f3c00000,0x00000000f3c00000,0x00000000f4a80000)
 ParOldGen       total 58368K, used 8900K [0x00000000c0000000, 0x00000000c3900000, 0x00000000eab00000)
  object space 58368K, 15% used [0x00000000c0000000,0x00000000c08b1060,0x00000000c3900000)
 Metaspace       used 31895K, capacity 32590K, committed 32896K, reserved 1077248K
  class space    used 4211K, capacity 4404K, committed 4480K, reserved 1048576K
}
Event: 15.143 GC heap before
{Heap before GC invocations=10 (full 1):
 PSYoungGen      total 160768K, used 45884K [0x00000000eab00000, 0x00000000f5900000, 0x0000000100000000)
  eden space 148480K, 22% used [0x00000000eab00000,0x00000000ecbd0ae8,0x00000000f3c00000)
  from space 12288K, 99% used [0x00000000f4b80000,0x00000000f577e790,0x00000000f5780000)
  to   space 14848K, 0% used [0x00000000f3c00000,0x00000000f3c00000,0x00000000f4a80000)
 ParOldGen       total 58368K, used 8900K [0x00000000c0000000, 0x00000000c3900000, 0x00000000eab00000)
  object space 58368K, 15% used [0x00000000c0000000,0x00000000c08b1060,0x00000000c3900000)
 Metaspace       used 34595K, capacity 35384K, committed 35496K, reserved 1079296K
  class space    used 4631K, capacity 4861K, committed 4864K, reserved 1048576K
Event: 15.169 GC heap after
Heap after GC invocations=10 (full 1):
 PSYoungGen      total 163328K, used 11865K [0x00000000eab00000, 0x00000000f8800000, 0x0000000100000000)
  eden space 148480K, 0% used [0x00000000eab00000,0x00000000eab00000,0x00000000f3c00000)
  from space 14848K, 79% used [0x00000000f3c00000,0x00000000f4796718,0x00000000f4a80000)
  to   space 15872K, 0% used [0x00000000f7880000,0x00000000f7880000,0x00000000f8800000)
 ParOldGen       total 58368K, used 9388K [0x00000000c0000000, 0x00000000c3900000, 0x00000000eab00000)
  object space 58368K, 16% used [0x00000000c0000000,0x00000000c092b0a0,0x00000000c3900000)
 Metaspace       used 34595K, capacity 35384K, committed 35496K, reserved 1079296K
  class space    used 4631K, capacity 4861K, committed 4864K, reserved 1048576K
}
Event: 15.169 GC heap before
{Heap before GC invocations=11 (full 2):
 PSYoungGen      total 163328K, used 11865K [0x00000000eab00000, 0x00000000f8800000, 0x0000000100000000)
  eden space 148480K, 0% used [0x00000000eab00000,0x00000000eab00000,0x00000000f3c00000)
  from space 14848K, 79% used [0x00000000f3c00000,0x00000000f4796718,0x00000000f4a80000)
  to   space 15872K, 0% used [0x00000000f7880000,0x00000000f7880000,0x00000000f8800000)
 ParOldGen       total 58368K, used 9388K [0x00000000c0000000, 0x00000000c3900000, 0x00000000eab00000)
  object space 58368K, 16% used [0x00000000c0000000,0x00000000c092b0a0,0x00000000c3900000)
 Metaspace       used 34595K, capacity 35384K, committed 35496K, reserved 1079296K
  class space    used 4631K, capacity 4861K, committed 4864K, reserved 1048576K
Event: 15.342 GC heap after
Heap after GC invocations=11 (full 2):
 PSYoungGen      total 163328K, used 0K [0x00000000eab00000, 0x00000000f8800000, 0x0000000100000000)
  eden space 148480K, 0% used [0x00000000eab00000,0x00000000eab00000,0x00000000f3c00000)
  from space 14848K, 0% used [0x00000000f3c00000,0x00000000f3c00000,0x00000000f4a80000)
  to   space 15872K, 0% used [0x00000000f7880000,0x00000000f7880000,0x00000000f8800000)
 ParOldGen       total 58368K, used 18645K [0x00000000c0000000, 0x00000000c3900000, 0x00000000eab00000)
  object space 58368K, 31% used [0x00000000c0000000,0x00000000c12356b8,0x00000000c3900000)
 Metaspace       used 34576K, capacity 35362K, committed 35496K, reserved 1079296K
  class space    used 4625K, capacity 4855K, committed 4864K, reserved 1048576K
}

