# JRE version: Java(TM) SE Runtime Environment (8.0_73-b02) (build 1.8.0_73-b02)
# Java VM: Java HotSpot(TM) 64-Bit Server VM (25.73-b02 mixed mode windows-amd64 compressed oops)
Heap:
 PSYoungGen      total 152064K, used 71383K [0x00000000eab00000, 0x00000000f5600000, 0x0000000100000000)
  eden space 131072K, 54% used [0x00000000eab00000,0x00000000ef0b5e48,0x00000000f2b00000)
  from space 20992K, 0% used [0x00000000f2b00000,0x00000000f2b00000,0x00000000f3f80000)
  to   space 18944K, 0% used [0x00000000f3f80000,0x00000000f3f80000,0x00000000f5200000)
 ParOldGen       total 160256K, used 160231K [0x00000000c0000000, 0x00000000c9c80000, 0x00000000eab00000)
  object space 160256K, 99% used [0x00000000c0000000,0x00000000c9c79f88,0x00000000c9c80000)
 Metaspace       used 6462K, capacity 7288K, committed 7552K, reserved 1056768K
  class space    used 611K, capacity 624K, committed 640K, reserved 1048576K
GC Heap History (10 events):
Event: 7.463 GC heap before
{Heap before GC invocations=12 (full 1):
 PSYoungGen      total 150016K, used 150002K [0x00000000eab00000, 0x00000000f5600000, 0x0000000100000000)
  eden space 131072K, 100% used [0x00000000eab00000,0x00000000f2b00000,0x00000000f2b00000)
  from space 18944K, 99% used [0x00000000f3f80000,0x00000000f51fca30,0x00000000f5200000)
  to   space 20992K, 0% used [0x00000000f2b00000,0x00000000f2b00000,0x00000000f3f80000)
 ParOldGen       total 160256K, used 84132K [0x00000000c0000000, 0x00000000c9c80000, 0x00000000eab00000)
  object space 160256K, 52% used [0x00000000c0000000,0x00000000c52291f8,0x00000000c9c80000)
 Metaspace       used 6444K, capacity 7288K, committed 7552K, reserved 1056768K
  class space    used 611K, capacity 624K, committed 640K, reserved 1048576K
Event: 7.539 GC heap after
Heap after GC invocations=12 (full 1):
 PSYoungGen      total 152064K, used 20992K [0x00000000eab00000, 0x00000000f5600000, 0x0000000100000000)
  eden space 131072K, 0% used [0x00000000eab00000,0x00000000eab00000,0x00000000f2b00000)
  from space 20992K, 100% used [0x00000000f2b00000,0x00000000f3f80000,0x00000000f3f80000)
  to   space 18944K, 0% used [0x00000000f3f80000,0x00000000f3f80000,0x00000000f5200000)
 ParOldGen       total 160256K, used 103228K [0x00000000c0000000, 0x00000000c9c80000, 0x00000000eab00000)
  object space 160256K, 64% used [0x00000000c0000000,0x00000000c64cf390,0x00000000c9c80000)
 Metaspace       used 6444K, capacity 7288K, committed 7552K, reserved 1056768K
  class space    used 611K, capacity 624K, committed 640K, reserved 1048576K
}
Event: 8.109 GC heap before
{Heap before GC invocations=13 (full 1):
 PSYoungGen      total 152064K, used 152064K [0x00000000eab00000, 0x00000000f5600000, 0x0000000100000000)
  eden space 131072K, 100% used [0x00000000eab00000,0x00000000f2b00000,0x00000000f2b00000)
  from space 20992K, 100% used [0x00000000f2b00000,0x00000000f3f80000,0x00000000f3f80000)
  to   space 18944K, 0% used [0x00000000f3f80000,0x00000000f3f80000,0x00000000f5200000)
 ParOldGen       total 160256K, used 103228K [0x00000000c0000000, 0x00000000c9c80000, 0x00000000eab00000)
  object space 160256K, 64% used [0x00000000c0000000,0x00000000c64cf390,0x00000000c9c80000)
 Metaspace       used 6446K, capacity 7288K, committed 7552K, reserved 1056768K
  class space    used 611K, capacity 624K, committed 640K, reserved 1048576K
Event: 8.201 GC heap after
Heap after GC invocations=13 (full 1):
 PSYoungGen      total 150016K, used 18929K [0x00000000eab00000, 0x00000000f5600000, 0x0000000100000000)
  eden space 131072K, 0% used [0x00000000eab00000,0x00000000eab00000,0x00000000f2b00000)
  from space 18944K, 99% used [0x00000000f3f80000,0x00000000f51fc5b8,0x00000000f5200000)
  to   space 20992K, 0% used [0x00000000f2b00000,0x00000000f2b00000,0x00000000f3f80000)
 ParOldGen       total 160256K, used 124485K [0x00000000c0000000, 0x00000000c9c80000, 0x00000000eab00000)
  object space 160256K, 77% used [0x00000000c0000000,0x00000000c79914e0,0x00000000c9c80000)
 Metaspace       used 6446K, capacity 7288K, committed 7552K, reserved 1056768K
  class space    used 611K, capacity 624K, committed 640K, reserved 1048576K
}
Event: 8.745 GC heap before
{Heap before GC invocations=14 (full 1):
 PSYoungGen      total 150016K, used 150001K [0x00000000eab00000, 0x00000000f5600000, 0x0000000100000000)
  eden space 131072K, 100% used [0x00000000eab00000,0x00000000f2b00000,0x00000000f2b00000)
  from space 18944K, 99% used [0x00000000f3f80000,0x00000000f51fc5b8,0x00000000f5200000)
  to   space 20992K, 0% used [0x00000000f2b00000,0x00000000f2b00000,0x00000000f3f80000)
 ParOldGen       total 160256K, used 124485K [0x00000000c0000000, 0x00000000c9c80000, 0x00000000eab00000)
  object space 160256K, 77% used [0x00000000c0000000,0x00000000c79914e0,0x00000000c9c80000)
 Metaspace       used 6455K, capacity 7288K, committed 7552K, reserved 1056768K
  class space    used 611K, capacity 624K, committed 640K, reserved 1048576K
Event: 8.812 GC heap after
Heap after GC invocations=14 (full 1):
 PSYoungGen      total 152064K, used 20990K [0x00000000eab00000, 0x00000000f5600000, 0x0000000100000000)
  eden space 131072K, 0% used [0x00000000eab00000,0x00000000eab00000,0x00000000f2b00000)
  from space 20992K, 99% used [0x00000000f2b00000,0x00000000f3f7f8e8,0x00000000f3f80000)
  to   space 18944K, 0% used [0x00000000f3f80000,0x00000000f3f80000,0x00000000f5200000)
 ParOldGen       total 160256K, used 144118K [0x00000000c0000000, 0x00000000c9c80000, 0x00000000eab00000)
  object space 160256K, 89% used [0x00000000c0000000,0x00000000c8cbd8e8,0x00000000c9c80000)
 Metaspace       used 6455K, capacity 7288K, committed 7552K, reserved 1056768K
  class space    used 611K, capacity 624K, committed 640K, reserved 1048576K
}
Event: 8.812 GC heap before
{Heap before GC invocations=15 (full 2):
 PSYoungGen      total 152064K, used 20990K [0x00000000eab00000, 0x00000000f5600000, 0x0000000100000000)
  eden space 131072K, 0% used [0x00000000eab00000,0x00000000eab00000,0x00000000f2b00000)
  from space 20992K, 99% used [0x00000000f2b00000,0x00000000f3f7f8e8,0x00000000f3f80000)
  to   space 18944K, 0% used [0x00000000f3f80000,0x00000000f3f80000,0x00000000f5200000)
 ParOldGen       total 160256K, used 144118K [0x00000000c0000000, 0x00000000c9c80000, 0x00000000eab00000)
  object space 160256K, 89% used [0x00000000c0000000,0x00000000c8cbd8e8,0x00000000c9c80000)
 Metaspace       used 6455K, capacity 7288K, committed 7552K, reserved 1056768K
  class space    used 611K, capacity 624K, committed 640K, reserved 1048576K
Event: 10.492 GC heap after
Heap after GC invocations=15 (full 2):
 PSYoungGen      total 152064K, used 477K [0x00000000eab00000, 0x00000000f5600000, 0x0000000100000000)
  eden space 131072K, 0% used [0x00000000eab00000,0x00000000eab00000,0x00000000f2b00000)
  from space 20992K, 2% used [0x00000000f2b00000,0x00000000f2b777e0,0x00000000f3f80000)
  to   space 18944K, 0% used [0x00000000f3f80000,0x00000000f3f80000,0x00000000f5200000)
 ParOldGen       total 160256K, used 160050K [0x00000000c0000000, 0x00000000c9c80000, 0x00000000eab00000)
  object space 160256K, 99% used [0x00000000c0000000,0x00000000c9c4cab0,0x00000000c9c80000)
 Metaspace       used 6455K, capacity 7288K, committed 7552K, reserved 1056768K
  class space    used 611K, capacity 624K, committed 640K, reserved 1048576K
}
Event: 10.977 GC heap before
{Heap before GC invocations=16 (full 3):
 PSYoungGen      total 152064K, used 131549K [0x00000000eab00000, 0x00000000f5600000, 0x0000000100000000)
  eden space 131072K, 100% used [0x00000000eab00000,0x00000000f2b00000,0x00000000f2b00000)
  from space 20992K, 2% used [0x00000000f2b00000,0x00000000f2b777e0,0x00000000f3f80000)
  to   space 18944K, 0% used [0x00000000f3f80000,0x00000000f3f80000,0x00000000f5200000)
 ParOldGen       total 160256K, used 160050K [0x00000000c0000000, 0x00000000c9c80000, 0x00000000eab00000)
  object space 160256K, 99% used [0x00000000c0000000,0x00000000c9c4cab0,0x00000000c9c80000)
 Metaspace       used 6462K, capacity 7288K, committed 7552K, reserved 1056768K
  class space    used 611K, capacity 624K, committed 640K, reserved 1048576K
Event: 11.844 GC heap after
Heap after GC invocations=16 (full 3):
 PSYoungGen      total 152064K, used 18543K [0x00000000eab00000, 0x00000000f5600000, 0x0000000100000000)
  eden space 131072K, 14% used [0x00000000eab00000,0x00000000ebd1bd70,0x00000000f2b00000)
  from space 20992K, 0% used [0x00000000f2b00000,0x00000000f2b00000,0x00000000f3f80000)
  to   space 18944K, 0% used [0x00000000f3f80000,0x00000000f3f80000,0x00000000f5200000)
 ParOldGen       total 160256K, used 160231K [0x00000000c0000000, 0x00000000c9c80000, 0x00000000eab00000)
  object space 160256K, 99% used [0x00000000c0000000,0x00000000c9c79f88,0x00000000c9c80000)
 Metaspace       used 6462K, capacity 7288K, committed 7552K, reserved 1056768K
  class space    used 611K, capacity 624K, committed 640K, reserved 1048576K
}

